Determining if the pthread_create exist failed with the following output:
Change Dir: /home/travis/build/cdandrey/otus_geditor/CMakeFiles/CMakeTmp

Run Build Command:"/usr/bin/make" "cmTC_8d79f/fast"
/usr/bin/make -f CMakeFiles/cmTC_8d79f.dir/build.make CMakeFiles/cmTC_8d79f.dir/build
make[1]: Entering directory '/home/travis/build/cdandrey/otus_geditor/CMakeFiles/CMakeTmp'
Building C object CMakeFiles/cmTC_8d79f.dir/CheckSymbolExists.c.o
/usr/bin/gcc    -o CMakeFiles/cmTC_8d79f.dir/CheckSymbolExists.c.o   -c /home/travis/build/cdandrey/otus_geditor/CMakeFiles/CMakeTmp/CheckSymbolExists.c
Linking C executable cmTC_8d79f
/usr/local/cmake-3.12.4/bin/cmake -E cmake_link_script CMakeFiles/cmTC_8d79f.dir/link.txt --verbose=1
/usr/bin/gcc      -rdynamic CMakeFiles/cmTC_8d79f.dir/CheckSymbolExists.c.o  -o cmTC_8d79f 
CMakeFiles/cmTC_8d79f.dir/CheckSymbolExists.c.o: In function `main':
CheckSymbolExists.c:(.text+0x16): undefined reference to `pthread_create'
collect2: error: ld returned 1 exit status
CMakeFiles/cmTC_8d79f.dir/build.make:86: recipe for target 'cmTC_8d79f' failed
make[1]: *** [cmTC_8d79f] Error 1
make[1]: Leaving directory '/home/travis/build/cdandrey/otus_geditor/CMakeFiles/CMakeTmp'
Makefile:121: recipe for target 'cmTC_8d79f/fast' failed
make: *** [cmTC_8d79f/fast] Error 2

File /home/travis/build/cdandrey/otus_geditor/CMakeFiles/CMakeTmp/CheckSymbolExists.c:
/* */
#include <pthread.h>

int main(int argc, char** argv)
{
  (void)argv;
#ifndef pthread_create
  return ((int*)(&pthread_create))[argc];
#else
  (void)argc;
  return 0;
#endif
}

Determining if the function pthread_create exists in the pthreads failed with the following output:
Change Dir: /home/travis/build/cdandrey/otus_geditor/CMakeFiles/CMakeTmp

Run Build Command:"/usr/bin/make" "cmTC_dd1f2/fast"
/usr/bin/make -f CMakeFiles/cmTC_dd1f2.dir/build.make CMakeFiles/cmTC_dd1f2.dir/build
make[1]: Entering directory '/home/travis/build/cdandrey/otus_geditor/CMakeFiles/CMakeTmp'
Building C object CMakeFiles/cmTC_dd1f2.dir/CheckFunctionExists.c.o
/usr/bin/gcc   -DCHECK_FUNCTION_EXISTS=pthread_create   -o CMakeFiles/cmTC_dd1f2.dir/CheckFunctionExists.c.o   -c /usr/local/cmake-3.12.4/share/cmake-3.12/Modules/CheckFunctionExists.c
Linking C executable cmTC_dd1f2
/usr/local/cmake-3.12.4/bin/cmake -E cmake_link_script CMakeFiles/cmTC_dd1f2.dir/link.txt --verbose=1
/usr/bin/gcc  -DCHECK_FUNCTION_EXISTS=pthread_create    -rdynamic CMakeFiles/cmTC_dd1f2.dir/CheckFunctionExists.c.o  -o cmTC_dd1f2 -lpthreads 
/usr/bin/ld: cannot find -lpthreads
collect2: error: ld returned 1 exit status
CMakeFiles/cmTC_dd1f2.dir/build.make:86: recipe for target 'cmTC_dd1f2' failed
make[1]: *** [cmTC_dd1f2] Error 1
make[1]: Leaving directory '/home/travis/build/cdandrey/otus_geditor/CMakeFiles/CMakeTmp'
Makefile:121: recipe for target 'cmTC_dd1f2/fast' failed
make: *** [cmTC_dd1f2/fast] Error 2


